pagmoWrapper\island_swig.h(29): warning 516: Overloaded method pagmo::island::island(pagmo::island &&) ignored,
pagmoWrapper\island_swig.h(28): warning 516: using pagmo::island::island(pagmo::island const &) instead.
pagmoWrapper\island_swig.h(30): warning 503: Can't wrap 'operator =' unless renamed to a valid identifier.
pagmoWrapper\island_swig.h(31): warning 503: Can't wrap 'operator =' unless renamed to a valid identifier.
swigInterfaceFileAndPagmoHeaders\swigInterfaceFiles\problem.i(15): warning 516: Overloaded method pagmo::problem::problem(pagmo::problem &&) ignored,
swigInterfaceFileAndPagmoHeaders\swigInterfaceFiles\problem.i(14): warning 516: using pagmo::problem::problem(pagmo::problem const &) instead.
swigInterfaceFileAndPagmoHeaders\swigInterfaceFiles\io.i(73): warning 503: Can't wrap 'operator <<' unless renamed to a valid identifier.
swigInterfaceFileAndPagmoHeaders\swigInterfaceFiles\topology.i(26): warning 516: Overloaded method pagmo::topology::topology(pagmo::topology &&) ignored,
swigInterfaceFileAndPagmoHeaders\swigInterfaceFiles\topology.i(24): warning 516: using pagmo::topology::topology(pagmo::topology const &) instead.
swigInterfaceFileAndPagmoHeaders\swigInterfaceFiles\topology.i(28): warning 503: Can't wrap 'operator =' unless renamed to a valid identifier.
swigInterfaceFileAndPagmoHeaders\swigInterfaceFiles\topology.i(30): warning 503: Can't wrap 'operator =' unless renamed to a valid identifier.
swigInterfaceFileAndPagmoHeaders\swigInterfaceFiles\topology.i(73): warning 516: Overloaded method pagmo::topology::get_ptr() ignored,
swigInterfaceFileAndPagmoHeaders\swigInterfaceFiles\topology.i(70): warning 516: using pagmo::topology::get_ptr() const instead.
swigInterfaceFileAndPagmoHeaders\swigInterfaceFiles\utils\hypervolume.i(26): warning 503: Can't wrap 'operator =' unless renamed to a valid identifier.
  GeneratedWrappers.cxx
C:\src\vcpkg\installed\x64-windows\include\pagmo\problem.hpp(1652,46): warning C4251: 'pagmo::problem::m_ptr': 'std::unique_ptr<pagmo::detail::prob_inner_base,std::default_delete<pagmo::detail::prob_inner_base>>' needs to have dll-interface to be used by clients of 'pagmo::problem'
  (compiling source file 'GeneratedWrappers.cxx')
      C:\Program Files\Microsoft Visual Studio\18\Community\VC\Tools\MSVC\14.44.35207\include\memory(3347,7):
      see declaration of 'std::unique_ptr<pagmo::detail::prob_inner_base,std::default_delete<pagmo::detail::prob_inner_base>>'
  
C:\src\vcpkg\installed\x64-windows\include\pagmo\problem.hpp(1654,45): warning C4251: 'pagmo::problem::m_fevals': 'std::atomic<unsigned __int64>' needs to have dll-interface to be used by clients of 'pagmo::problem'
  (compiling source file 'GeneratedWrappers.cxx')
      C:\Program Files\Microsoft Visual Studio\18\Community\VC\Tools\MSVC\14.44.35207\include\atomic(2131,8):
      see declaration of 'std::atomic<unsigned __int64>'
  
C:\src\vcpkg\installed\x64-windows\include\pagmo\problem.hpp(1656,45): warning C4251: 'pagmo::problem::m_gevals': 'std::atomic<unsigned __int64>' needs to have dll-interface to be used by clients of 'pagmo::problem'
  (compiling source file 'GeneratedWrappers.cxx')
      C:\Program Files\Microsoft Visual Studio\18\Community\VC\Tools\MSVC\14.44.35207\include\atomic(2131,8):
      see declaration of 'std::atomic<unsigned __int64>'
  
C:\src\vcpkg\installed\x64-windows\include\pagmo\problem.hpp(1658,45): warning C4251: 'pagmo::problem::m_hevals': 'std::atomic<unsigned __int64>' needs to have dll-interface to be used by clients of 'pagmo::problem'
  (compiling source file 'GeneratedWrappers.cxx')
      C:\Program Files\Microsoft Visual Studio\18\Community\VC\Tools\MSVC\14.44.35207\include\atomic(2131,8):
      see declaration of 'std::atomic<unsigned __int64>'
  
C:\src\vcpkg\installed\x64-windows\include\pagmo\problem.hpp(1663,19): warning C4251: 'pagmo::problem::m_lb': 'std::vector<double,std::allocator<double>>' needs to have dll-interface to be used by clients of 'pagmo::problem'
  (compiling source file 'GeneratedWrappers.cxx')
      C:\Program Files\Microsoft Visual Studio\18\Community\VC\Tools\MSVC\14.44.35207\include\vector(442,7):
      see declaration of 'std::vector<double,std::allocator<double>>'
  
C:\src\vcpkg\installed\x64-windows\include\pagmo\problem.hpp(1664,19): warning C4251: 'pagmo::problem::m_ub': 'std::vector<double,std::allocator<double>>' needs to have dll-interface to be used by clients of 'pagmo::problem'
  (compiling source file 'GeneratedWrappers.cxx')
      C:\Program Files\Microsoft Visual Studio\18\Community\VC\Tools\MSVC\14.44.35207\include\vector(442,7):
      see declaration of 'std::vector<double,std::allocator<double>>'
  
C:\src\vcpkg\installed\x64-windows\include\pagmo\problem.hpp(1669,19): warning C4251: 'pagmo::problem::m_c_tol': 'std::vector<double,std::allocator<double>>' needs to have dll-interface to be used by clients of 'pagmo::problem'
  (compiling source file 'GeneratedWrappers.cxx')
      C:\Program Files\Microsoft Visual Studio\18\Community\VC\Tools\MSVC\14.44.35207\include\vector(442,7):
      see declaration of 'std::vector<double,std::allocator<double>>'
  
C:\src\vcpkg\installed\x64-windows\include\pagmo\problem.hpp(1676,17): warning C4251: 'pagmo::problem::m_name': 'std::basic_string<char,std::char_traits<char>,std::allocator<char>>' needs to have dll-interface to be used by clients of 'pagmo::problem'
  (compiling source file 'GeneratedWrappers.cxx')
      C:\Program Files\Microsoft Visual Studio\18\Community\VC\Tools\MSVC\14.44.35207\include\xstring(541,7):
      see declaration of 'std::basic_string<char,std::char_traits<char>,std::allocator<char>>'
  
C:\src\vcpkg\installed\x64-windows\include\pagmo\problem.hpp(1681,43): warning C4251: 'pagmo::problem::m_hs_dim': 'std::vector<boost::ulong_long_type,std::allocator<boost::ulong_long_type>>' needs to have dll-interface to be used by clients of 'pagmo::problem'
  (compiling source file 'GeneratedWrappers.cxx')
      C:\Program Files\Microsoft Visual Studio\18\Community\VC\Tools\MSVC\14.44.35207\include\vector(442,7):
      see declaration of 'std::vector<boost::ulong_long_type,std::allocator<boost::ulong_long_type>>'
  
C:\src\vcpkg\installed\x64-windows\include\pagmo\bfe.hpp(381,45): warning C4251: 'pagmo::bfe::m_ptr': 'std::unique_ptr<pagmo::detail::bfe_inner_base,std::default_delete<pagmo::detail::bfe_inner_base>>' needs to have dll-interface to be used by clients of 'pagmo::bfe'
  (compiling source file 'GeneratedWrappers.cxx')
      C:\Program Files\Microsoft Visual Studio\18\Community\VC\Tools\MSVC\14.44.35207\include\memory(3347,7):
      see declaration of 'std::unique_ptr<pagmo::detail::bfe_inner_base,std::default_delete<pagmo::detail::bfe_inner_base>>'
  
C:\src\vcpkg\installed\x64-windows\include\pagmo\bfe.hpp(386,17): warning C4251: 'pagmo::bfe::m_name': 'std::basic_string<char,std::char_traits<char>,std::allocator<char>>' needs to have dll-interface to be used by clients of 'pagmo::bfe'
  (compiling source file 'GeneratedWrappers.cxx')
      C:\Program Files\Microsoft Visual Studio\18\Community\VC\Tools\MSVC\14.44.35207\include\xstring(541,7):
      see declaration of 'std::basic_string<char,std::char_traits<char>,std::allocator<char>>'
  
C:\src\vcpkg\installed\x64-windows\include\pagmo\population.hpp(337,37): warning C4251: 'pagmo::population::m_ID': 'std::vector<boost::ulong_long_type,std::allocator<boost::ulong_long_type>>' needs to have dll-interface to be used by clients of 'pagmo::population'
  (compiling source file 'GeneratedWrappers.cxx')
      C:\Program Files\Microsoft Visual Studio\18\Community\VC\Tools\MSVC\14.44.35207\include\vector(442,7):
      see declaration of 'std::vector<boost::ulong_long_type,std::allocator<boost::ulong_long_type>>'
  
C:\src\vcpkg\installed\x64-windows\include\pagmo\population.hpp(339,32): warning C4251: 'pagmo::population::m_x': 'std::vector<pagmo::vector_double,std::allocator<pagmo::vector_double>>' needs to have dll-interface to be used by clients of 'pagmo::population'
  (compiling source file 'GeneratedWrappers.cxx')
      C:\Program Files\Microsoft Visual Studio\18\Community\VC\Tools\MSVC\14.44.35207\include\vector(442,7):
      see declaration of 'std::vector<pagmo::vector_double,std::allocator<pagmo::vector_double>>'
  
C:\src\vcpkg\installed\x64-windows\include\pagmo\population.hpp(341,32): warning C4251: 'pagmo::population::m_f': 'std::vector<pagmo::vector_double,std::allocator<pagmo::vector_double>>' needs to have dll-interface to be used by clients of 'pagmo::population'
  (compiling source file 'GeneratedWrappers.cxx')
      C:\Program Files\Microsoft Visual Studio\18\Community\VC\Tools\MSVC\14.44.35207\include\vector(442,7):
      see declaration of 'std::vector<pagmo::vector_double,std::allocator<pagmo::vector_double>>'
  
C:\src\vcpkg\installed\x64-windows\include\pagmo\population.hpp(343,19): warning C4251: 'pagmo::population::m_champion_x': 'std::vector<double,std::allocator<double>>' needs to have dll-interface to be used by clients of 'pagmo::population'
  (compiling source file 'GeneratedWrappers.cxx')
      C:\Program Files\Microsoft Visual Studio\18\Community\VC\Tools\MSVC\14.44.35207\include\vector(442,7):
      see declaration of 'std::vector<double,std::allocator<double>>'
  
C:\src\vcpkg\installed\x64-windows\include\pagmo\population.hpp(345,19): warning C4251: 'pagmo::population::m_champion_f': 'std::vector<double,std::allocator<double>>' needs to have dll-interface to be used by clients of 'pagmo::population'
  (compiling source file 'GeneratedWrappers.cxx')
      C:\Program Files\Microsoft Visual Studio\18\Community\VC\Tools\MSVC\14.44.35207\include\vector(442,7):
      see declaration of 'std::vector<double,std::allocator<double>>'
  
C:\src\vcpkg\installed\x64-windows\include\pagmo\population.hpp(347,40): warning C4251: 'pagmo::population::m_e': 'std::mersenne_twister_engine<unsigned int,32,624,397,31,2567483615,11,4294967295,7,2636928640,15,4022730752,18,1812433253>' needs to have dll-interface to be used by clients of 'pagmo::population'
  (compiling source file 'GeneratedWrappers.cxx')
      C:\Program Files\Microsoft Visual Studio\18\Community\VC\Tools\MSVC\14.44.35207\include\random(1428,7):
      see declaration of 'std::mersenne_twister_engine<unsigned int,32,624,397,31,2567483615,11,4294967295,7,2636928640,15,4022730752,18,1812433253>'
  
C:\src\vcpkg\installed\x64-windows\include\pagmo\algorithm.hpp(756,46): warning C4251: 'pagmo::algorithm::m_ptr': 'std::unique_ptr<pagmo::detail::algo_inner_base,std::default_delete<pagmo::detail::algo_inner_base>>' needs to have dll-interface to be used by clients of 'pagmo::algorithm'
  (compiling source file 'GeneratedWrappers.cxx')
      C:\Program Files\Microsoft Visual Studio\18\Community\VC\Tools\MSVC\14.44.35207\include\memory(3347,7):
      see declaration of 'std::unique_ptr<pagmo::detail::algo_inner_base,std::default_delete<pagmo::detail::algo_inner_base>>'
  
C:\src\vcpkg\installed\x64-windows\include\pagmo\algorithm.hpp(763,17): warning C4251: 'pagmo::algorithm::m_name': 'std::basic_string<char,std::char_traits<char>,std::allocator<char>>' needs to have dll-interface to be used by clients of 'pagmo::algorithm'
  (compiling source file 'GeneratedWrappers.cxx')
      C:\Program Files\Microsoft Visual Studio\18\Community\VC\Tools\MSVC\14.44.35207\include\xstring(541,7):
      see declaration of 'std::basic_string<char,std::char_traits<char>,std::allocator<char>>'
  
C:\src\vcpkg\installed\x64-windows\include\pagmo\detail\task_queue.hpp(73,23): warning C4251: 'pagmo::detail::task_queue::m_task_maybe_running': 'std::atomic<bool>' needs to have dll-interface to be used by clients of 'pagmo::detail::task_queue'
  (compiling source file 'GeneratedWrappers.cxx')
      C:\Program Files\Microsoft Visual Studio\18\Community\VC\Tools\MSVC\14.44.35207\include\atomic(2131,8):
      see declaration of 'std::atomic<bool>'
  
C:\src\vcpkg\installed\x64-windows\include\pagmo\detail\task_queue.hpp(74,29): warning C4251: 'pagmo::detail::task_queue::m_cond': 'std::condition_variable' needs to have dll-interface to be used by clients of 'pagmo::detail::task_queue'
  (compiling source file 'GeneratedWrappers.cxx')
      C:\Program Files\Microsoft Visual Studio\18\Community\VC\Tools\MSVC\14.44.35207\include\mutex(523,19):
      see declaration of 'std::condition_variable'
  
C:\src\vcpkg\installed\x64-windows\include\pagmo\detail\task_queue.hpp(76,27): warning C4251: 'pagmo::detail::task_queue::m_tasks': 'std::queue<pagmo::detail::task_queue::task_type,std::deque<pagmo::detail::task_queue::task_type,std::allocator<pagmo::detail::task_queue::task_type>>>' needs to have dll-interface to be used by clients of 'pagmo::detail::task_queue'
  (compiling source file 'GeneratedWrappers.cxx')
      C:\Program Files\Microsoft Visual Studio\18\Community\VC\Tools\MSVC\14.44.35207\include\queue(34,7):
      see declaration of 'std::queue<pagmo::detail::task_queue::task_type,std::deque<pagmo::detail::task_queue::task_type,std::allocator<pagmo::detail::task_queue::task_type>>>'
  
C:\src\vcpkg\installed\x64-windows\include\pagmo\detail\task_queue.hpp(80,17): warning C4251: 'pagmo::detail::task_queue::m_thread': 'std::thread' needs to have dll-interface to be used by clients of 'pagmo::detail::task_queue'
  (compiling source file 'GeneratedWrappers.cxx')
      C:\Program Files\Microsoft Visual Studio\18\Community\VC\Tools\MSVC\14.44.35207\include\thread(42,19):
      see declaration of 'std::thread'
  
C:\src\vcpkg\installed\x64-windows\include\pagmo\r_policy.hpp(359,47): warning C4251: 'pagmo::r_policy::m_ptr': 'std::unique_ptr<pagmo::detail::r_pol_inner_base,std::default_delete<pagmo::detail::r_pol_inner_base>>' needs to have dll-interface to be used by clients of 'pagmo::r_policy'
  (compiling source file 'GeneratedWrappers.cxx')
      C:\Program Files\Microsoft Visual Studio\18\Community\VC\Tools\MSVC\14.44.35207\include\memory(3347,7):
      see declaration of 'std::unique_ptr<pagmo::detail::r_pol_inner_base,std::default_delete<pagmo::detail::r_pol_inner_base>>'
  
C:\src\vcpkg\installed\x64-windows\include\pagmo\r_policy.hpp(364,17): warning C4251: 'pagmo::r_policy::m_name': 'std::basic_string<char,std::char_traits<char>,std::allocator<char>>' needs to have dll-interface to be used by clients of 'pagmo::r_policy'
  (compiling source file 'GeneratedWrappers.cxx')
      C:\Program Files\Microsoft Visual Studio\18\Community\VC\Tools\MSVC\14.44.35207\include\xstring(541,7):
      see declaration of 'std::basic_string<char,std::char_traits<char>,std::allocator<char>>'
  
C:\src\vcpkg\installed\x64-windows\include\pagmo\s_policy.hpp(360,47): warning C4251: 'pagmo::s_policy::m_ptr': 'std::unique_ptr<pagmo::detail::s_pol_inner_base,std::default_delete<pagmo::detail::s_pol_inner_base>>' needs to have dll-interface to be used by clients of 'pagmo::s_policy'
  (compiling source file 'GeneratedWrappers.cxx')
      C:\Program Files\Microsoft Visual Studio\18\Community\VC\Tools\MSVC\14.44.35207\include\memory(3347,7):
      see declaration of 'std::unique_ptr<pagmo::detail::s_pol_inner_base,std::default_delete<pagmo::detail::s_pol_inner_base>>'
  
C:\src\vcpkg\installed\x64-windows\include\pagmo\s_policy.hpp(365,17): warning C4251: 'pagmo::s_policy::m_name': 'std::basic_string<char,std::char_traits<char>,std::allocator<char>>' needs to have dll-interface to be used by clients of 'pagmo::s_policy'
  (compiling source file 'GeneratedWrappers.cxx')
      C:\Program Files\Microsoft Visual Studio\18\Community\VC\Tools\MSVC\14.44.35207\include\xstring(541,7):
      see declaration of 'std::basic_string<char,std::char_traits<char>,std::allocator<char>>'
  
C:\src\vcpkg\installed\x64-windows\include\pagmo\island.hpp(334,37): warning C4251: 'pagmo::detail::island_data::isl_ptr': 'std::unique_ptr<pagmo::detail::isl_inner_base,std::default_delete<pagmo::detail::isl_inner_base>>' needs to have dll-interface to be used by clients of 'pagmo::detail::island_data'
  (compiling source file 'GeneratedWrappers.cxx')
      C:\Program Files\Microsoft Visual Studio\18\Community\VC\Tools\MSVC\14.44.35207\include\memory(3347,7):
      see declaration of 'std::unique_ptr<pagmo::detail::isl_inner_base,std::default_delete<pagmo::detail::isl_inner_base>>'
  
C:\src\vcpkg\installed\x64-windows\include\pagmo\island.hpp(340,32): warning C4251: 'pagmo::detail::island_data::algo': 'std::shared_ptr<pagmo::algorithm>' needs to have dll-interface to be used by clients of 'pagmo::detail::island_data'
  (compiling source file 'GeneratedWrappers.cxx')
      C:\Program Files\Microsoft Visual Studio\18\Community\VC\Tools\MSVC\14.44.35207\include\memory(1565,7):
      see declaration of 'std::shared_ptr<pagmo::algorithm>'
  
C:\src\vcpkg\installed\x64-windows\include\pagmo\island.hpp(342,33): warning C4251: 'pagmo::detail::island_data::pop': 'std::shared_ptr<pagmo::population>' needs to have dll-interface to be used by clients of 'pagmo::detail::island_data'
  (compiling source file 'GeneratedWrappers.cxx')
      C:\Program Files\Microsoft Visual Studio\18\Community\VC\Tools\MSVC\14.44.35207\include\memory(1565,7):
      see declaration of 'std::shared_ptr<pagmo::population>'
  
C:\src\vcpkg\installed\x64-windows\include\pagmo\island.hpp(353,36): warning C4251: 'pagmo::detail::island_data::futures': 'std::vector<std::future<void>,std::allocator<std::future<void>>>' needs to have dll-interface to be used by clients of 'pagmo::detail::island_data'
  (compiling source file 'GeneratedWrappers.cxx')
      C:\Program Files\Microsoft Visual Studio\18\Community\VC\Tools\MSVC\14.44.35207\include\vector(442,7):
      see declaration of 'std::vector<std::future<void>,std::allocator<std::future<void>>>'
  
C:\src\vcpkg\installed\x64-windows\include\pagmo\island.hpp(359,33): warning C4251: 'pagmo::detail::island_data::queue': 'std::unique_ptr<pagmo::detail::task_queue,std::default_delete<pagmo::detail::task_queue>>' needs to have dll-interface to be used by clients of 'pagmo::detail::island_data'
  (compiling source file 'GeneratedWrappers.cxx')
      C:\Program Files\Microsoft Visual Studio\18\Community\VC\Tools\MSVC\14.44.35207\include\memory(3347,7):
      see declaration of 'std::unique_ptr<pagmo::detail::task_queue,std::default_delete<pagmo::detail::task_queue>>'
  
C:\src\vcpkg\installed\x64-windows\include\pagmo\island.hpp(1228,30): warning C4251: 'pagmo::island::m_ptr': 'std::unique_ptr<pagmo::island::idata_t,std::default_delete<pagmo::island::idata_t>>' needs to have dll-interface to be used by clients of 'pagmo::island'
  (compiling source file 'GeneratedWrappers.cxx')
      C:\Program Files\Microsoft Visual Studio\18\Community\VC\Tools\MSVC\14.44.35207\include\memory(3347,7):
      see declaration of 'std::unique_ptr<pagmo::island::idata_t,std::default_delete<pagmo::island::idata_t>>'
  
C:\src\vcpkg\installed\x64-windows\include\pagmo\topology.hpp(428,46): warning C4251: 'pagmo::topology::m_ptr': 'std::unique_ptr<pagmo::detail::topo_inner_base,std::default_delete<pagmo::detail::topo_inner_base>>' needs to have dll-interface to be used by clients of 'pagmo::topology'
  (compiling source file 'GeneratedWrappers.cxx')
      C:\Program Files\Microsoft Visual Studio\18\Community\VC\Tools\MSVC\14.44.35207\include\memory(3347,7):
      see declaration of 'std::unique_ptr<pagmo::detail::topo_inner_base,std::default_delete<pagmo::detail::topo_inner_base>>'
  
C:\src\vcpkg\installed\x64-windows\include\pagmo\topology.hpp(432,17): warning C4251: 'pagmo::topology::m_name': 'std::basic_string<char,std::char_traits<char>,std::allocator<char>>' needs to have dll-interface to be used by clients of 'pagmo::topology'
  (compiling source file 'GeneratedWrappers.cxx')
      C:\Program Files\Microsoft Visual Studio\18\Community\VC\Tools\MSVC\14.44.35207\include\xstring(541,7):
      see declaration of 'std::basic_string<char,std::char_traits<char>,std::allocator<char>>'
  
C:\src\vcpkg\installed\x64-windows\include\pagmo\archipelago.hpp(730,17): warning C4251: 'pagmo::archipelago::m_islands': 'std::vector<std::unique_ptr<pagmo::island,std::default_delete<pagmo::island>>,std::allocator<std::unique_ptr<pagmo::island,std::default_delete<pagmo::island>>>>' needs to have dll-interface to be used by clients of 'pagmo::archipelago'
  (compiling source file 'GeneratedWrappers.cxx')
      C:\Program Files\Microsoft Visual Studio\18\Community\VC\Tools\MSVC\14.44.35207\include\vector(442,7):
      see declaration of 'std::vector<std::unique_ptr<pagmo::island,std::default_delete<pagmo::island>>,std::allocator<std::unique_ptr<pagmo::island,std::default_delete<pagmo::island>>>>'
  
C:\src\vcpkg\installed\x64-windows\include\pagmo\archipelago.hpp(734,15): warning C4251: 'pagmo::archipelago::m_idx_map': 'std::unordered_map<const pagmo::island *,pagmo::archipelago::size_type,std::hash<const pagmo::island *>,std::equal_to<const pagmo::island *>,std::allocator<std::pair<const pagmo::island *const ,pagmo::archipelago::size_type>>>' needs to have dll-interface to be used by clients of 'pagmo::archipelago'
  (compiling source file 'GeneratedWrappers.cxx')
      C:\Program Files\Microsoft Visual Studio\18\Community\VC\Tools\MSVC\14.44.35207\include\unordered_map(61,7):
      see declaration of 'std::unordered_map<const pagmo::island *,pagmo::archipelago::size_type,std::hash<const pagmo::island *>,std::equal_to<const pagmo::island *>,std::allocator<std::pair<const pagmo::island *const ,pagmo::archipelago::size_type>>>'
  
C:\src\vcpkg\installed\x64-windows\include\pagmo\archipelago.hpp(737,19): warning C4251: 'pagmo::archipelago::m_migrants': 'std::vector<pagmo::individuals_group_t,std::allocator<pagmo::individuals_group_t>>' needs to have dll-interface to be used by clients of 'pagmo::archipelago'
  (compiling source file 'GeneratedWrappers.cxx')
      C:\Program Files\Microsoft Visual Studio\18\Community\VC\Tools\MSVC\14.44.35207\include\vector(442,7):
      see declaration of 'std::vector<pagmo::individuals_group_t,std::allocator<pagmo::individuals_group_t>>'
  
C:\src\vcpkg\installed\x64-windows\include\pagmo\archipelago.hpp(740,21): warning C4251: 'pagmo::archipelago::m_migr_log': 'std::vector<pagmo::archipelago::migration_entry_t,std::allocator<pagmo::archipelago::migration_entry_t>>' needs to have dll-interface to be used by clients of 'pagmo::archipelago'
  (compiling source file 'GeneratedWrappers.cxx')
      C:\Program Files\Microsoft Visual Studio\18\Community\VC\Tools\MSVC\14.44.35207\include\vector(442,7):
      see declaration of 'std::vector<pagmo::archipelago::migration_entry_t,std::allocator<pagmo::archipelago::migration_entry_t>>'
  
C:\src\vcpkg\installed\x64-windows\include\pagmo\archipelago.hpp(747,33): warning C4251: 'pagmo::archipelago::m_migr_type': 'std::atomic<pagmo::migration_type>' needs to have dll-interface to be used by clients of 'pagmo::archipelago'
  (compiling source file 'GeneratedWrappers.cxx')
      C:\Program Files\Microsoft Visual Studio\18\Community\VC\Tools\MSVC\14.44.35207\include\atomic(2131,8):
      see declaration of 'std::atomic<pagmo::migration_type>'
  
C:\src\vcpkg\installed\x64-windows\include\pagmo\archipelago.hpp(748,35): warning C4251: 'pagmo::archipelago::m_migr_handling': 'std::atomic<pagmo::migrant_handling>' needs to have dll-interface to be used by clients of 'pagmo::archipelago'
  (compiling source file 'GeneratedWrappers.cxx')
      C:\Program Files\Microsoft Visual Studio\18\Community\VC\Tools\MSVC\14.44.35207\include\atomic(2131,8):
      see declaration of 'std::atomic<pagmo::migrant_handling>'
  
C:\src\vcpkg\installed\x64-windows\include\pagmo\detail\base_sr_policy.hpp(92,40): warning C4251: 'pagmo::detail::base_sr_policy::m_migr_rate': 'boost::variant<pagmo::pop_size_t,double>' needs to have dll-interface to be used by clients of 'pagmo::detail::base_sr_policy'
  (compiling source file 'GeneratedWrappers.cxx')
      C:\src\vcpkg\installed\x64-windows\include\boost\variant\variant.hpp(1075,7):
      see declaration of 'boost::variant<pagmo::pop_size_t,double>'
  
C:\src\vcpkg\installed\x64-windows\include\pagmo\io.hpp(198,17): warning C4251: 'pagmo::detail::table::m_indent': 'std::basic_string<char,std::char_traits<char>,std::allocator<char>>' needs to have dll-interface to be used by clients of 'pagmo::detail::table'
  (compiling source file 'GeneratedWrappers.cxx')
      C:\Program Files\Microsoft Visual Studio\18\Community\VC\Tools\MSVC\14.44.35207\include\xstring(541,7):
      see declaration of 'std::basic_string<char,std::char_traits<char>,std::allocator<char>>'
  
C:\src\vcpkg\installed\x64-windows\include\pagmo\io.hpp(199,30): warning C4251: 'pagmo::detail::table::m_headers': 'std::vector<std::string,std::allocator<std::string>>' needs to have dll-interface to be used by clients of 'pagmo::detail::table'
  (compiling source file 'GeneratedWrappers.cxx')
      C:\Program Files\Microsoft Visual Studio\18\Community\VC\Tools\MSVC\14.44.35207\include\vector(442,7):
      see declaration of 'std::vector<std::string,std::allocator<std::string>>'
  
C:\src\vcpkg\installed\x64-windows\include\pagmo\io.hpp(200,27): warning C4251: 'pagmo::detail::table::m_sizes': 'std::vector<boost::ulong_long_type,std::allocator<boost::ulong_long_type>>' needs to have dll-interface to be used by clients of 'pagmo::detail::table'
  (compiling source file 'GeneratedWrappers.cxx')
      C:\Program Files\Microsoft Visual Studio\18\Community\VC\Tools\MSVC\14.44.35207\include\vector(442,7):
      see declaration of 'std::vector<boost::ulong_long_type,std::allocator<boost::ulong_long_type>>'
  
C:\src\vcpkg\installed\x64-windows\include\pagmo\io.hpp(201,43): warning C4251: 'pagmo::detail::table::m_rows': 'std::vector<std::vector<std::string,std::allocator<std::string>>,std::allocator<std::vector<std::string,std::allocator<std::string>>>>' needs to have dll-interface to be used by clients of 'pagmo::detail::table'
  (compiling source file 'GeneratedWrappers.cxx')
      C:\Program Files\Microsoft Visual Studio\18\Community\VC\Tools\MSVC\14.44.35207\include\vector(442,7):
      see declaration of 'std::vector<std::vector<std::string,std::allocator<std::string>>,std::allocator<std::vector<std::string,std::allocator<std::string>>>>'
  
C:\src\vcpkg\installed\x64-windows\include\pagmo\algorithms\cmaes.hpp(255,29): warning C4251: 'pagmo::cmaes::mean': 'Eigen::Matrix<double,-1,1,0,-1,1>' needs to have dll-interface to be used by clients of 'pagmo::cmaes'
  (compiling source file 'GeneratedWrappers.cxx')
      C:\src\vcpkg\installed\x64-windows\include\eigen3\Eigen\src\Core\Matrix.h(178,7):
      see declaration of 'Eigen::Matrix<double,-1,1,0,-1,1>'
  
C:\src\vcpkg\installed\x64-windows\include\pagmo\algorithms\cmaes.hpp(256,29): warning C4251: 'pagmo::cmaes::variation': 'Eigen::Matrix<double,-1,1,0,-1,1>' needs to have dll-interface to be used by clients of 'pagmo::cmaes'
  (compiling source file 'GeneratedWrappers.cxx')
      C:\src\vcpkg\installed\x64-windows\include\eigen3\Eigen\src\Core\Matrix.h(178,7):
      see declaration of 'Eigen::Matrix<double,-1,1,0,-1,1>'
  
C:\src\vcpkg\installed\x64-windows\include\pagmo\algorithms\cmaes.hpp(257,42): warning C4251: 'pagmo::cmaes::newpop': 'std::vector<Eigen::VectorXd,std::allocator<Eigen::VectorXd>>' needs to have dll-interface to be used by clients of 'pagmo::cmaes'
  (compiling source file 'GeneratedWrappers.cxx')
      C:\Program Files\Microsoft Visual Studio\18\Community\VC\Tools\MSVC\14.44.35207\include\vector(442,7):
      see declaration of 'std::vector<Eigen::VectorXd,std::allocator<Eigen::VectorXd>>'
  
C:\src\vcpkg\installed\x64-windows\include\pagmo\algorithms\cmaes.hpp(258,29): warning C4251: 'pagmo::cmaes::B': 'Eigen::Matrix<double,-1,-1,0,-1,-1>' needs to have dll-interface to be used by clients of 'pagmo::cmaes'
  (compiling source file 'GeneratedWrappers.cxx')
      C:\src\vcpkg\installed\x64-windows\include\eigen3\Eigen\src\Core\Matrix.h(178,7):
      see declaration of 'Eigen::Matrix<double,-1,-1,0,-1,-1>'
  
C:\src\vcpkg\installed\x64-windows\include\pagmo\algorithms\cmaes.hpp(259,29): warning C4251: 'pagmo::cmaes::D': 'Eigen::Matrix<double,-1,-1,0,-1,-1>' needs to have dll-interface to be used by clients of 'pagmo::cmaes'
  (compiling source file 'GeneratedWrappers.cxx')
      C:\src\vcpkg\installed\x64-windows\include\eigen3\Eigen\src\Core\Matrix.h(178,7):
      see declaration of 'Eigen::Matrix<double,-1,-1,0,-1,-1>'
  
C:\src\vcpkg\installed\x64-windows\include\pagmo\algorithms\cmaes.hpp(260,29): warning C4251: 'pagmo::cmaes::C': 'Eigen::Matrix<double,-1,-1,0,-1,-1>' needs to have dll-interface to be used by clients of 'pagmo::cmaes'
  (compiling source file 'GeneratedWrappers.cxx')
      C:\src\vcpkg\installed\x64-windows\include\eigen3\Eigen\src\Core\Matrix.h(178,7):
      see declaration of 'Eigen::Matrix<double,-1,-1,0,-1,-1>'
  
C:\src\vcpkg\installed\x64-windows\include\pagmo\algorithms\cmaes.hpp(261,29): warning C4251: 'pagmo::cmaes::invsqrtC': 'Eigen::Matrix<double,-1,-1,0,-1,-1>' needs to have dll-interface to be used by clients of 'pagmo::cmaes'
  (compiling source file 'GeneratedWrappers.cxx')
      C:\src\vcpkg\installed\x64-windows\include\eigen3\Eigen\src\Core\Matrix.h(178,7):
      see declaration of 'Eigen::Matrix<double,-1,-1,0,-1,-1>'
  
C:\src\vcpkg\installed\x64-windows\include\pagmo\algorithms\cmaes.hpp(262,29): warning C4251: 'pagmo::cmaes::pc': 'Eigen::Matrix<double,-1,1,0,-1,1>' needs to have dll-interface to be used by clients of 'pagmo::cmaes'
  (compiling source file 'GeneratedWrappers.cxx')
      C:\src\vcpkg\installed\x64-windows\include\eigen3\Eigen\src\Core\Matrix.h(178,7):
      see declaration of 'Eigen::Matrix<double,-1,1,0,-1,1>'
  
C:\src\vcpkg\installed\x64-windows\include\pagmo\algorithms\cmaes.hpp(263,29): warning C4251: 'pagmo::cmaes::ps': 'Eigen::Matrix<double,-1,1,0,-1,1>' needs to have dll-interface to be used by clients of 'pagmo::cmaes'
  (compiling source file 'GeneratedWrappers.cxx')
      C:\src\vcpkg\installed\x64-windows\include\eigen3\Eigen\src\Core\Matrix.h(178,7):
      see declaration of 'Eigen::Matrix<double,-1,1,0,-1,1>'
  
C:\src\vcpkg\installed\x64-windows\include\pagmo\algorithms\cmaes.hpp(268,40): warning C4251: 'pagmo::cmaes::m_e': 'std::mersenne_twister_engine<unsigned int,32,624,397,31,2567483615,11,4294967295,7,2636928640,15,4022730752,18,1812433253>' needs to have dll-interface to be used by clients of 'pagmo::cmaes'
  (compiling source file 'GeneratedWrappers.cxx')
      C:\Program Files\Microsoft Visual Studio\18\Community\VC\Tools\MSVC\14.44.35207\include\random(1428,7):
      see declaration of 'std::mersenne_twister_engine<unsigned int,32,624,397,31,2567483615,11,4294967295,7,2636928640,15,4022730752,18,1812433253>'
  
C:\src\vcpkg\installed\x64-windows\include\pagmo\algorithms\cmaes.hpp(271,22): warning C4251: 'pagmo::cmaes::m_log': 'std::vector<pagmo::cmaes::log_line_type,std::allocator<pagmo::cmaes::log_line_type>>' needs to have dll-interface to be used by clients of 'pagmo::cmaes'
  (compiling source file 'GeneratedWrappers.cxx')
      C:\Program Files\Microsoft Visual Studio\18\Community\VC\Tools\MSVC\14.44.35207\include\vector(442,7):
      see declaration of 'std::vector<pagmo::cmaes::log_line_type,std::allocator<pagmo::cmaes::log_line_type>>'
  
C:\src\vcpkg\installed\x64-windows\include\pagmo\algorithms\cmaes.hpp(272,26): warning C4251: 'pagmo::cmaes::m_bfe': 'boost::optional<pagmo::bfe>' needs to have dll-interface to be used by clients of 'pagmo::cmaes'
  (compiling source file 'GeneratedWrappers.cxx')
      C:\src\vcpkg\installed\x64-windows\include\boost\optional\optional.hpp(646,7):
      see declaration of 'boost::optional<pagmo::bfe>'
  
C:\src\vcpkg\installed\x64-windows\include\pagmo\algorithms\not_population_based.hpp(158,16): warning C4251: 'pagmo::not_population_based::m_select': 'boost::any' needs to have dll-interface to be used by clients of 'pagmo::not_population_based'
  (compiling source file 'GeneratedWrappers.cxx')
      C:\src\vcpkg\installed\x64-windows\include\boost\any.hpp(44,11):
      see declaration of 'boost::any'
  
C:\src\vcpkg\installed\x64-windows\include\pagmo\algorithms\not_population_based.hpp(164,16): warning C4251: 'pagmo::not_population_based::m_replace': 'boost::any' needs to have dll-interface to be used by clients of 'pagmo::not_population_based'
  (compiling source file 'GeneratedWrappers.cxx')
      C:\src\vcpkg\installed\x64-windows\include\boost\any.hpp(44,11):
      see declaration of 'boost::any'
  
C:\src\vcpkg\installed\x64-windows\include\pagmo\algorithms\not_population_based.hpp(168,40): warning C4251: 'pagmo::not_population_based::m_e': 'std::mersenne_twister_engine<unsigned int,32,624,397,31,2567483615,11,4294967295,7,2636928640,15,4022730752,18,1812433253>' needs to have dll-interface to be used by clients of 'pagmo::not_population_based'
  (compiling source file 'GeneratedWrappers.cxx')
      C:\Program Files\Microsoft Visual Studio\18\Community\VC\Tools\MSVC\14.44.35207\include\random(1428,7):
      see declaration of 'std::mersenne_twister_engine<unsigned int,32,624,397,31,2567483615,11,4294967295,7,2636928640,15,4022730752,18,1812433253>'
  
C:\src\vcpkg\installed\x64-windows\include\pagmo\algorithms\compass_search.hpp(236,22): warning C4251: 'pagmo::compass_search::m_log': 'std::vector<pagmo::compass_search::log_line_type,std::allocator<pagmo::compass_search::log_line_type>>' needs to have dll-interface to be used by clients of 'pagmo::compass_search'
  (compiling source file 'GeneratedWrappers.cxx')
      C:\Program Files\Microsoft Visual Studio\18\Community\VC\Tools\MSVC\14.44.35207\include\vector(442,7):
      see declaration of 'std::vector<pagmo::compass_search::log_line_type,std::allocator<pagmo::compass_search::log_line_type>>'
  
C:\src\vcpkg\installed\x64-windows\include\pagmo\algorithms\de.hpp(198,40): warning C4251: 'pagmo::de::m_e': 'std::mersenne_twister_engine<unsigned int,32,624,397,31,2567483615,11,4294967295,7,2636928640,15,4022730752,18,1812433253>' needs to have dll-interface to be used by clients of 'pagmo::de'
  (compiling source file 'GeneratedWrappers.cxx')
      C:\Program Files\Microsoft Visual Studio\18\Community\VC\Tools\MSVC\14.44.35207\include\random(1428,7):
      see declaration of 'std::mersenne_twister_engine<unsigned int,32,624,397,31,2567483615,11,4294967295,7,2636928640,15,4022730752,18,1812433253>'
  
C:\src\vcpkg\installed\x64-windows\include\pagmo\algorithms\de.hpp(201,22): warning C4251: 'pagmo::de::m_log': 'std::vector<pagmo::de::log_line_type,std::allocator<pagmo::de::log_line_type>>' needs to have dll-interface to be used by clients of 'pagmo::de'
  (compiling source file 'GeneratedWrappers.cxx')
      C:\Program Files\Microsoft Visual Studio\18\Community\VC\Tools\MSVC\14.44.35207\include\vector(442,7):
      see declaration of 'std::vector<pagmo::de::log_line_type,std::allocator<pagmo::de::log_line_type>>'
  
C:\src\vcpkg\installed\x64-windows\include\pagmo\algorithms\de1220.hpp(263,27): warning C4251: 'pagmo::de1220::m_F': 'std::vector<double,std::allocator<double>>' needs to have dll-interface to be used by clients of 'pagmo::de1220'
  (compiling source file 'GeneratedWrappers.cxx')
      C:\Program Files\Microsoft Visual Studio\18\Community\VC\Tools\MSVC\14.44.35207\include\vector(442,7):
      see declaration of 'std::vector<double,std::allocator<double>>'
  
C:\src\vcpkg\installed\x64-windows\include\pagmo\algorithms\de1220.hpp(264,27): warning C4251: 'pagmo::de1220::m_CR': 'std::vector<double,std::allocator<double>>' needs to have dll-interface to be used by clients of 'pagmo::de1220'
  (compiling source file 'GeneratedWrappers.cxx')
      C:\Program Files\Microsoft Visual Studio\18\Community\VC\Tools\MSVC\14.44.35207\include\vector(442,7):
      see declaration of 'std::vector<double,std::allocator<double>>'
  
C:\src\vcpkg\installed\x64-windows\include\pagmo\algorithms\de1220.hpp(265,35): warning C4251: 'pagmo::de1220::m_variant': 'std::vector<std::seed_seq::result_type,std::allocator<std::seed_seq::result_type>>' needs to have dll-interface to be used by clients of 'pagmo::de1220'
  (compiling source file 'GeneratedWrappers.cxx')
      C:\Program Files\Microsoft Visual Studio\18\Community\VC\Tools\MSVC\14.44.35207\include\vector(442,7):
      see declaration of 'std::vector<std::seed_seq::result_type,std::allocator<std::seed_seq::result_type>>'
  
C:\src\vcpkg\installed\x64-windows\include\pagmo\algorithms\de1220.hpp(266,27): warning C4251: 'pagmo::de1220::m_allowed_variants': 'std::vector<std::seed_seq::result_type,std::allocator<std::seed_seq::result_type>>' needs to have dll-interface to be used by clients of 'pagmo::de1220'
  (compiling source file 'GeneratedWrappers.cxx')
      C:\Program Files\Microsoft Visual Studio\18\Community\VC\Tools\MSVC\14.44.35207\include\vector(442,7):
      see declaration of 'std::vector<std::seed_seq::result_type,std::allocator<std::seed_seq::result_type>>'
  
C:\src\vcpkg\installed\x64-windows\include\pagmo\algorithms\de1220.hpp(271,40): warning C4251: 'pagmo::de1220::m_e': 'std::mersenne_twister_engine<unsigned int,32,624,397,31,2567483615,11,4294967295,7,2636928640,15,4022730752,18,1812433253>' needs to have dll-interface to be used by clients of 'pagmo::de1220'
  (compiling source file 'GeneratedWrappers.cxx')
      C:\Program Files\Microsoft Visual Studio\18\Community\VC\Tools\MSVC\14.44.35207\include\random(1428,7):
      see declaration of 'std::mersenne_twister_engine<unsigned int,32,624,397,31,2567483615,11,4294967295,7,2636928640,15,4022730752,18,1812433253>'
  
C:\src\vcpkg\installed\x64-windows\include\pagmo\algorithms\de1220.hpp(274,22): warning C4251: 'pagmo::de1220::m_log': 'std::vector<pagmo::de1220::log_line_type,std::allocator<pagmo::de1220::log_line_type>>' needs to have dll-interface to be used by clients of 'pagmo::de1220'
  (compiling source file 'GeneratedWrappers.cxx')
      C:\Program Files\Microsoft Visual Studio\18\Community\VC\Tools\MSVC\14.44.35207\include\vector(442,7):
      see declaration of 'std::vector<pagmo::de1220::log_line_type,std::allocator<pagmo::de1220::log_line_type>>'
  
C:\src\vcpkg\installed\x64-windows\include\pagmo\algorithms\gaco.hpp(249,40): warning C4251: 'pagmo::gaco::m_e': 'std::mersenne_twister_engine<unsigned int,32,624,397,31,2567483615,11,4294967295,7,2636928640,15,4022730752,18,1812433253>' needs to have dll-interface to be used by clients of 'pagmo::gaco'
  (compiling source file 'GeneratedWrappers.cxx')
      C:\Program Files\Microsoft Visual Studio\18\Community\VC\Tools\MSVC\14.44.35207\include\random(1428,7):
      see declaration of 'std::mersenne_twister_engine<unsigned int,32,624,397,31,2567483615,11,4294967295,7,2636928640,15,4022730752,18,1812433253>'
  
C:\src\vcpkg\installed\x64-windows\include\pagmo\algorithms\gaco.hpp(252,22): warning C4251: 'pagmo::gaco::m_log': 'std::vector<pagmo::gaco::log_line_type,std::allocator<pagmo::gaco::log_line_type>>' needs to have dll-interface to be used by clients of 'pagmo::gaco'
  (compiling source file 'GeneratedWrappers.cxx')
      C:\Program Files\Microsoft Visual Studio\18\Community\VC\Tools\MSVC\14.44.35207\include\vector(442,7):
      see declaration of 'std::vector<pagmo::gaco::log_line_type,std::allocator<pagmo::gaco::log_line_type>>'
  
C:\src\vcpkg\installed\x64-windows\include\pagmo\algorithms\gaco.hpp(259,40): warning C4251: 'pagmo::gaco::m_sol_archive': 'std::vector<pagmo::vector_double,std::allocator<pagmo::vector_double>>' needs to have dll-interface to be used by clients of 'pagmo::gaco'
  (compiling source file 'GeneratedWrappers.cxx')
      C:\Program Files\Microsoft Visual Studio\18\Community\VC\Tools\MSVC\14.44.35207\include\vector(442,7):
      see declaration of 'std::vector<pagmo::vector_double,std::allocator<pagmo::vector_double>>'
  
C:\src\vcpkg\installed\x64-windows\include\pagmo\algorithms\gaco.hpp(264,26): warning C4251: 'pagmo::gaco::m_bfe': 'boost::optional<pagmo::bfe>' needs to have dll-interface to be used by clients of 'pagmo::gaco'
  (compiling source file 'GeneratedWrappers.cxx')
      C:\src\vcpkg\installed\x64-windows\include\boost\optional\optional.hpp(646,7):
      see declaration of 'boost::optional<pagmo::bfe>'
  
C:\src\vcpkg\installed\x64-windows\include\pagmo\algorithms\gwo.hpp(186,40): warning C4251: 'pagmo::gwo::m_e': 'std::mersenne_twister_engine<unsigned int,32,624,397,31,2567483615,11,4294967295,7,2636928640,15,4022730752,18,1812433253>' needs to have dll-interface to be used by clients of 'pagmo::gwo'
  (compiling source file 'GeneratedWrappers.cxx')
      C:\Program Files\Microsoft Visual Studio\18\Community\VC\Tools\MSVC\14.44.35207\include\random(1428,7):
      see declaration of 'std::mersenne_twister_engine<unsigned int,32,624,397,31,2567483615,11,4294967295,7,2636928640,15,4022730752,18,1812433253>'
  
C:\src\vcpkg\installed\x64-windows\include\pagmo\algorithms\gwo.hpp(188,22): warning C4251: 'pagmo::gwo::m_log': 'std::vector<pagmo::gwo::log_line_type,std::allocator<pagmo::gwo::log_line_type>>' needs to have dll-interface to be used by clients of 'pagmo::gwo'
  (compiling source file 'GeneratedWrappers.cxx')
      C:\Program Files\Microsoft Visual Studio\18\Community\VC\Tools\MSVC\14.44.35207\include\vector(442,7):
      see declaration of 'std::vector<pagmo::gwo::log_line_type,std::allocator<pagmo::gwo::log_line_type>>'
  
C:\src\vcpkg\installed\x64-windows\include\pagmo\algorithms\nspso.hpp(132,17): warning C4251: 'pagmo::nspso::m_diversity_mechanism': 'std::basic_string<char,std::char_traits<char>,std::allocator<char>>' needs to have dll-interface to be used by clients of 'pagmo::nspso'
  (compiling source file 'GeneratedWrappers.cxx')
      C:\Program Files\Microsoft Visual Studio\18\Community\VC\Tools\MSVC\14.44.35207\include\xstring(541,7):
      see declaration of 'std::basic_string<char,std::char_traits<char>,std::allocator<char>>'
  
C:\src\vcpkg\installed\x64-windows\include\pagmo\algorithms\nspso.hpp(135,40): warning C4251: 'pagmo::nspso::m_velocity': 'std::vector<pagmo::vector_double,std::allocator<pagmo::vector_double>>' needs to have dll-interface to be used by clients of 'pagmo::nspso'
  (compiling source file 'GeneratedWrappers.cxx')
      C:\Program Files\Microsoft Visual Studio\18\Community\VC\Tools\MSVC\14.44.35207\include\vector(442,7):
      see declaration of 'std::vector<pagmo::vector_double,std::allocator<pagmo::vector_double>>'
  
C:\src\vcpkg\installed\x64-windows\include\pagmo\algorithms\nspso.hpp(136,40): warning C4251: 'pagmo::nspso::m_best_fit': 'std::vector<pagmo::vector_double,std::allocator<pagmo::vector_double>>' needs to have dll-interface to be used by clients of 'pagmo::nspso'
  (compiling source file 'GeneratedWrappers.cxx')
      C:\Program Files\Microsoft Visual Studio\18\Community\VC\Tools\MSVC\14.44.35207\include\vector(442,7):
      see declaration of 'std::vector<pagmo::vector_double,std::allocator<pagmo::vector_double>>'
  
C:\src\vcpkg\installed\x64-windows\include\pagmo\algorithms\nspso.hpp(137,40): warning C4251: 'pagmo::nspso::m_best_dvs': 'std::vector<pagmo::vector_double,std::allocator<pagmo::vector_double>>' needs to have dll-interface to be used by clients of 'pagmo::nspso'
  (compiling source file 'GeneratedWrappers.cxx')
      C:\Program Files\Microsoft Visual Studio\18\Community\VC\Tools\MSVC\14.44.35207\include\vector(442,7):
      see declaration of 'std::vector<pagmo::vector_double,std::allocator<pagmo::vector_double>>'
  
C:\src\vcpkg\installed\x64-windows\include\pagmo\algorithms\nspso.hpp(138,40): warning C4251: 'pagmo::nspso::m_e': 'std::mersenne_twister_engine<unsigned int,32,624,397,31,2567483615,11,4294967295,7,2636928640,15,4022730752,18,1812433253>' needs to have dll-interface to be used by clients of 'pagmo::nspso'
  (compiling source file 'GeneratedWrappers.cxx')
      C:\Program Files\Microsoft Visual Studio\18\Community\VC\Tools\MSVC\14.44.35207\include\random(1428,7):
      see declaration of 'std::mersenne_twister_engine<unsigned int,32,624,397,31,2567483615,11,4294967295,7,2636928640,15,4022730752,18,1812433253>'
  
C:\src\vcpkg\installed\x64-windows\include\pagmo\algorithms\nspso.hpp(141,22): warning C4251: 'pagmo::nspso::m_log': 'std::vector<pagmo::nspso::log_line_type,std::allocator<pagmo::nspso::log_line_type>>' needs to have dll-interface to be used by clients of 'pagmo::nspso'
  (compiling source file 'GeneratedWrappers.cxx')
      C:\Program Files\Microsoft Visual Studio\18\Community\VC\Tools\MSVC\14.44.35207\include\vector(442,7):
      see declaration of 'std::vector<pagmo::nspso::log_line_type,std::allocator<pagmo::nspso::log_line_type>>'
  
C:\src\vcpkg\installed\x64-windows\include\pagmo\algorithms\nspso.hpp(142,26): warning C4251: 'pagmo::nspso::m_bfe': 'boost::optional<pagmo::bfe>' needs to have dll-interface to be used by clients of 'pagmo::nspso'
  (compiling source file 'GeneratedWrappers.cxx')
      C:\src\vcpkg\installed\x64-windows\include\boost\optional\optional.hpp(646,7):
      see declaration of 'boost::optional<pagmo::bfe>'
  
C:\src\vcpkg\installed\x64-windows\include\pagmo\algorithms\pso.hpp(258,40): warning C4251: 'pagmo::pso::m_V': 'std::vector<pagmo::vector_double,std::allocator<pagmo::vector_double>>' needs to have dll-interface to be used by clients of 'pagmo::pso'
  (compiling source file 'GeneratedWrappers.cxx')
      C:\Program Files\Microsoft Visual Studio\18\Community\VC\Tools\MSVC\14.44.35207\include\vector(442,7):
      see declaration of 'std::vector<pagmo::vector_double,std::allocator<pagmo::vector_double>>'
  
C:\src\vcpkg\installed\x64-windows\include\pagmo\algorithms\pso.hpp(260,40): warning C4251: 'pagmo::pso::m_e': 'std::mersenne_twister_engine<unsigned int,32,624,397,31,2567483615,11,4294967295,7,2636928640,15,4022730752,18,1812433253>' needs to have dll-interface to be used by clients of 'pagmo::pso'
  (compiling source file 'GeneratedWrappers.cxx')
      C:\Program Files\Microsoft Visual Studio\18\Community\VC\Tools\MSVC\14.44.35207\include\random(1428,7):
      see declaration of 'std::mersenne_twister_engine<unsigned int,32,624,397,31,2567483615,11,4294967295,7,2636928640,15,4022730752,18,1812433253>'
  
C:\src\vcpkg\installed\x64-windows\include\pagmo\algorithms\pso.hpp(263,22): warning C4251: 'pagmo::pso::m_log': 'std::vector<pagmo::cmaes::log_line_type,std::allocator<pagmo::cmaes::log_line_type>>' needs to have dll-interface to be used by clients of 'pagmo::pso'
  (compiling source file 'GeneratedWrappers.cxx')
      C:\Program Files\Microsoft Visual Studio\18\Community\VC\Tools\MSVC\14.44.35207\include\vector(442,7):
      see declaration of 'std::vector<pagmo::cmaes::log_line_type,std::allocator<pagmo::cmaes::log_line_type>>'
  
C:\src\vcpkg\installed\x64-windows\include\pagmo\algorithms\pso_gen.hpp(226,40): warning C4251: 'pagmo::pso_gen::m_V': 'std::vector<pagmo::vector_double,std::allocator<pagmo::vector_double>>' needs to have dll-interface to be used by clients of 'pagmo::pso_gen'
  (compiling source file 'GeneratedWrappers.cxx')
      C:\Program Files\Microsoft Visual Studio\18\Community\VC\Tools\MSVC\14.44.35207\include\vector(442,7):
      see declaration of 'std::vector<pagmo::vector_double,std::allocator<pagmo::vector_double>>'
  
C:\src\vcpkg\installed\x64-windows\include\pagmo\algorithms\pso_gen.hpp(227,40): warning C4251: 'pagmo::pso_gen::m_e': 'std::mersenne_twister_engine<unsigned int,32,624,397,31,2567483615,11,4294967295,7,2636928640,15,4022730752,18,1812433253>' needs to have dll-interface to be used by clients of 'pagmo::pso_gen'
  (compiling source file 'GeneratedWrappers.cxx')
      C:\Program Files\Microsoft Visual Studio\18\Community\VC\Tools\MSVC\14.44.35207\include\random(1428,7):
      see declaration of 'std::mersenne_twister_engine<unsigned int,32,624,397,31,2567483615,11,4294967295,7,2636928640,15,4022730752,18,1812433253>'
  
C:\src\vcpkg\installed\x64-windows\include\pagmo\algorithms\pso_gen.hpp(230,22): warning C4251: 'pagmo::pso_gen::m_log': 'std::vector<pagmo::cmaes::log_line_type,std::allocator<pagmo::cmaes::log_line_type>>' needs to have dll-interface to be used by clients of 'pagmo::pso_gen'
  (compiling source file 'GeneratedWrappers.cxx')
      C:\Program Files\Microsoft Visual Studio\18\Community\VC\Tools\MSVC\14.44.35207\include\vector(442,7):
      see declaration of 'std::vector<pagmo::cmaes::log_line_type,std::allocator<pagmo::cmaes::log_line_type>>'
  
C:\src\vcpkg\installed\x64-windows\include\pagmo\algorithms\pso_gen.hpp(231,26): warning C4251: 'pagmo::pso_gen::m_bfe': 'boost::optional<pagmo::bfe>' needs to have dll-interface to be used by clients of 'pagmo::pso_gen'
  (compiling source file 'GeneratedWrappers.cxx')
      C:\src\vcpkg\installed\x64-windows\include\boost\optional\optional.hpp(646,7):
      see declaration of 'boost::optional<pagmo::bfe>'
  
C:\src\vcpkg\installed\x64-windows\include\pagmo\algorithms\sea.hpp(185,40): warning C4251: 'pagmo::sea::m_e': 'std::mersenne_twister_engine<unsigned int,32,624,397,31,2567483615,11,4294967295,7,2636928640,15,4022730752,18,1812433253>' needs to have dll-interface to be used by clients of 'pagmo::sea'
  (compiling source file 'GeneratedWrappers.cxx')
      C:\Program Files\Microsoft Visual Studio\18\Community\VC\Tools\MSVC\14.44.35207\include\random(1428,7):
      see declaration of 'std::mersenne_twister_engine<unsigned int,32,624,397,31,2567483615,11,4294967295,7,2636928640,15,4022730752,18,1812433253>'
  
C:\src\vcpkg\installed\x64-windows\include\pagmo\algorithms\sea.hpp(188,22): warning C4251: 'pagmo::sea::m_log': 'std::vector<pagmo::sea::log_line_type,std::allocator<pagmo::sea::log_line_type>>' needs to have dll-interface to be used by clients of 'pagmo::sea'
  (compiling source file 'GeneratedWrappers.cxx')
      C:\Program Files\Microsoft Visual Studio\18\Community\VC\Tools\MSVC\14.44.35207\include\vector(442,7):
      see declaration of 'std::vector<pagmo::sea::log_line_type,std::allocator<pagmo::sea::log_line_type>>'
  
C:\src\vcpkg\installed\x64-windows\include\pagmo\algorithms\simulated_annealing.hpp(218,40): warning C4251: 'pagmo::simulated_annealing::m_e': 'std::mersenne_twister_engine<unsigned int,32,624,397,31,2567483615,11,4294967295,7,2636928640,15,4022730752,18,1812433253>' needs to have dll-interface to be used by clients of 'pagmo::simulated_annealing'
  (compiling source file 'GeneratedWrappers.cxx')
      C:\Program Files\Microsoft Visual Studio\18\Community\VC\Tools\MSVC\14.44.35207\include\random(1428,7):
      see declaration of 'std::mersenne_twister_engine<unsigned int,32,624,397,31,2567483615,11,4294967295,7,2636928640,15,4022730752,18,1812433253>'
  
C:\src\vcpkg\installed\x64-windows\include\pagmo\algorithms\simulated_annealing.hpp(221,22): warning C4251: 'pagmo::simulated_annealing::m_log': 'std::vector<pagmo::simulated_annealing::log_line_type,std::allocator<pagmo::simulated_annealing::log_line_type>>' needs to have dll-interface to be used by clients of 'pagmo::simulated_annealing'
  (compiling source file 'GeneratedWrappers.cxx')
      C:\Program Files\Microsoft Visual Studio\18\Community\VC\Tools\MSVC\14.44.35207\include\vector(442,7):
      see declaration of 'std::vector<pagmo::simulated_annealing::log_line_type,std::allocator<pagmo::simulated_annealing::log_line_type>>'
  
C:\src\vcpkg\installed\x64-windows\include\pagmo\algorithms\sade.hpp(240,27): warning C4251: 'pagmo::sade::m_F': 'std::vector<double,std::allocator<double>>' needs to have dll-interface to be used by clients of 'pagmo::sade'
  (compiling source file 'GeneratedWrappers.cxx')
      C:\Program Files\Microsoft Visual Studio\18\Community\VC\Tools\MSVC\14.44.35207\include\vector(442,7):
      see declaration of 'std::vector<double,std::allocator<double>>'
  
C:\src\vcpkg\installed\x64-windows\include\pagmo\algorithms\sade.hpp(241,27): warning C4251: 'pagmo::sade::m_CR': 'std::vector<double,std::allocator<double>>' needs to have dll-interface to be used by clients of 'pagmo::sade'
  (compiling source file 'GeneratedWrappers.cxx')
      C:\Program Files\Microsoft Visual Studio\18\Community\VC\Tools\MSVC\14.44.35207\include\vector(442,7):
      see declaration of 'std::vector<double,std::allocator<double>>'
  
C:\src\vcpkg\installed\x64-windows\include\pagmo\algorithms\sade.hpp(247,40): warning C4251: 'pagmo::sade::m_e': 'std::mersenne_twister_engine<unsigned int,32,624,397,31,2567483615,11,4294967295,7,2636928640,15,4022730752,18,1812433253>' needs to have dll-interface to be used by clients of 'pagmo::sade'
  (compiling source file 'GeneratedWrappers.cxx')
      C:\Program Files\Microsoft Visual Studio\18\Community\VC\Tools\MSVC\14.44.35207\include\random(1428,7):
      see declaration of 'std::mersenne_twister_engine<unsigned int,32,624,397,31,2567483615,11,4294967295,7,2636928640,15,4022730752,18,1812433253>'
  
C:\src\vcpkg\installed\x64-windows\include\pagmo\algorithms\sade.hpp(250,22): warning C4251: 'pagmo::sade::m_log': 'std::vector<pagmo::sade::log_line_type,std::allocator<pagmo::sade::log_line_type>>' needs to have dll-interface to be used by clients of 'pagmo::sade'
  (compiling source file 'GeneratedWrappers.cxx')
      C:\Program Files\Microsoft Visual Studio\18\Community\VC\Tools\MSVC\14.44.35207\include\vector(442,7):
      see declaration of 'std::vector<pagmo::sade::log_line_type,std::allocator<pagmo::sade::log_line_type>>'
  
C:\src\vcpkg\installed\x64-windows\include\pagmo\algorithms\sga.hpp(281,40): warning C4251: 'pagmo::sga::m_e': 'std::mersenne_twister_engine<unsigned int,32,624,397,31,2567483615,11,4294967295,7,2636928640,15,4022730752,18,1812433253>' needs to have dll-interface to be used by clients of 'pagmo::sga'
  (compiling source file 'GeneratedWrappers.cxx')
      C:\Program Files\Microsoft Visual Studio\18\Community\VC\Tools\MSVC\14.44.35207\include\random(1428,7):
      see declaration of 'std::mersenne_twister_engine<unsigned int,32,624,397,31,2567483615,11,4294967295,7,2636928640,15,4022730752,18,1812433253>'
  
C:\src\vcpkg\installed\x64-windows\include\pagmo\algorithms\sga.hpp(284,22): warning C4251: 'pagmo::sga::m_log': 'std::vector<pagmo::sga::log_line_type,std::allocator<pagmo::sga::log_line_type>>' needs to have dll-interface to be used by clients of 'pagmo::sga'
  (compiling source file 'GeneratedWrappers.cxx')
      C:\Program Files\Microsoft Visual Studio\18\Community\VC\Tools\MSVC\14.44.35207\include\vector(442,7):
      see declaration of 'std::vector<pagmo::sga::log_line_type,std::allocator<pagmo::sga::log_line_type>>'
  
C:\src\vcpkg\installed\x64-windows\include\pagmo\algorithms\xnes.hpp(259,29): warning C4251: 'pagmo::xnes::mean': 'Eigen::Matrix<double,-1,1,0,-1,1>' needs to have dll-interface to be used by clients of 'pagmo::xnes'
  (compiling source file 'GeneratedWrappers.cxx')
      C:\src\vcpkg\installed\x64-windows\include\eigen3\Eigen\src\Core\Matrix.h(178,7):
      see declaration of 'Eigen::Matrix<double,-1,1,0,-1,1>'
  
C:\src\vcpkg\installed\x64-windows\include\pagmo\algorithms\xnes.hpp(260,29): warning C4251: 'pagmo::xnes::A': 'Eigen::Matrix<double,-1,-1,0,-1,-1>' needs to have dll-interface to be used by clients of 'pagmo::xnes'
  (compiling source file 'GeneratedWrappers.cxx')
      C:\src\vcpkg\installed\x64-windows\include\eigen3\Eigen\src\Core\Matrix.h(178,7):
      see declaration of 'Eigen::Matrix<double,-1,-1,0,-1,-1>'
  
C:\src\vcpkg\installed\x64-windows\include\pagmo\algorithms\xnes.hpp(263,40): warning C4251: 'pagmo::xnes::m_e': 'std::mersenne_twister_engine<unsigned int,32,624,397,31,2567483615,11,4294967295,7,2636928640,15,4022730752,18,1812433253>' needs to have dll-interface to be used by clients of 'pagmo::xnes'
  (compiling source file 'GeneratedWrappers.cxx')
      C:\Program Files\Microsoft Visual Studio\18\Community\VC\Tools\MSVC\14.44.35207\include\random(1428,7):
      see declaration of 'std::mersenne_twister_engine<unsigned int,32,624,397,31,2567483615,11,4294967295,7,2636928640,15,4022730752,18,1812433253>'
  
C:\src\vcpkg\installed\x64-windows\include\pagmo\algorithms\xnes.hpp(266,22): warning C4251: 'pagmo::xnes::m_log': 'std::vector<pagmo::cmaes::log_line_type,std::allocator<pagmo::cmaes::log_line_type>>' needs to have dll-interface to be used by clients of 'pagmo::xnes'
  (compiling source file 'GeneratedWrappers.cxx')
      C:\Program Files\Microsoft Visual Studio\18\Community\VC\Tools\MSVC\14.44.35207\include\vector(442,7):
      see declaration of 'std::vector<pagmo::cmaes::log_line_type,std::allocator<pagmo::cmaes::log_line_type>>'
  
C:\src\vcpkg\installed\x64-windows\include\pagmo\problems\cec2006.hpp(271,62): warning C4251: 'pagmo::cec2006::s_o_ptr': 'std::vector<pagmo::detail::cec2006_data::func_ptr,std::allocator<pagmo::detail::cec2006_data::func_ptr>>' needs to have dll-interface to be used by clients of 'pagmo::cec2006'
  (compiling source file 'GeneratedWrappers.cxx')
      C:\Program Files\Microsoft Visual Studio\18\Community\VC\Tools\MSVC\14.44.35207\include\vector(442,7):
      see declaration of 'std::vector<pagmo::detail::cec2006_data::func_ptr,std::allocator<pagmo::detail::cec2006_data::func_ptr>>'
  
C:\src\vcpkg\installed\x64-windows\include\pagmo\problems\cec2006.hpp(272,62): warning C4251: 'pagmo::cec2006::s_c_ptr': 'std::vector<pagmo::detail::cec2006_data::func_ptr,std::allocator<pagmo::detail::cec2006_data::func_ptr>>' needs to have dll-interface to be used by clients of 'pagmo::cec2006'
  (compiling source file 'GeneratedWrappers.cxx')
      C:\Program Files\Microsoft Visual Studio\18\Community\VC\Tools\MSVC\14.44.35207\include\vector(442,7):
      see declaration of 'std::vector<pagmo::detail::cec2006_data::func_ptr,std::allocator<pagmo::detail::cec2006_data::func_ptr>>'
  
C:\src\vcpkg\installed\x64-windows\include\pagmo\problems\inventory.hpp(122,40): warning C4251: 'pagmo::inventory::m_e': 'std::mersenne_twister_engine<unsigned int,32,624,397,31,2567483615,11,4294967295,7,2636928640,15,4022730752,18,1812433253>' needs to have dll-interface to be used by clients of 'pagmo::inventory'
  (compiling source file 'GeneratedWrappers.cxx')
      C:\Program Files\Microsoft Visual Studio\18\Community\VC\Tools\MSVC\14.44.35207\include\random(1428,7):
      see declaration of 'std::mersenne_twister_engine<unsigned int,32,624,397,31,2567483615,11,4294967295,7,2636928640,15,4022730752,18,1812433253>'
  
C:\src\vcpkg\installed\x64-windows\include\pagmo\topologies\fully_connected.hpp(76,30): warning C4251: 'pagmo::fully_connected::m_num_vertices': 'std::atomic<unsigned __int64>' needs to have dll-interface to be used by clients of 'pagmo::fully_connected'
  (compiling source file 'GeneratedWrappers.cxx')
      C:\Program Files\Microsoft Visual Studio\18\Community\VC\Tools\MSVC\14.44.35207\include\atomic(2131,8):
      see declaration of 'std::atomic<unsigned __int64>'
  
C:\src\vcpkg\installed\x64-windows\include\pagmo\topologies\base_bgl_topology.hpp(126,17): warning C4251: 'pagmo::base_bgl_topology::m_graph': 'boost::adjacency_list<boost::vecS,boost::vecS,boost::bidirectionalS,boost::no_property,double,boost::no_property,boost::listS>' needs to have dll-interface to be used by clients of 'pagmo::base_bgl_topology'
  (compiling source file 'GeneratedWrappers.cxx')
      C:\src\vcpkg\installed\x64-windows\include\boost\graph\adjacency_list.hpp(269,7):
      see declaration of 'boost::adjacency_list<boost::vecS,boost::vecS,boost::bidirectionalS,boost::no_property,double,boost::no_property,boost::listS>'
  
C:\src\vcpkg\installed\x64-windows\include\pagmo\utils\hypervolume.hpp(198,40): warning C4251: 'pagmo::hypervolume::m_points': 'std::vector<pagmo::vector_double,std::allocator<pagmo::vector_double>>' needs to have dll-interface to be used by clients of 'pagmo::hypervolume'
  (compiling source file 'GeneratedWrappers.cxx')
      C:\Program Files\Microsoft Visual Studio\18\Community\VC\Tools\MSVC\14.44.35207\include\vector(442,7):
      see declaration of 'std::vector<pagmo::vector_double,std::allocator<pagmo::vector_double>>'
  
C:\src\vcpkg\installed\x64-windows\include\pagmo\utils\discrepancy.hpp(155,33): warning C4251: 'pagmo::halton::m_vdc': 'std::vector<pagmo::van_der_corput,std::allocator<pagmo::van_der_corput>>' needs to have dll-interface to be used by clients of 'pagmo::halton'
  (compiling source file 'GeneratedWrappers.cxx')
      C:\Program Files\Microsoft Visual Studio\18\Community\VC\Tools\MSVC\14.44.35207\include\vector(442,7):
      see declaration of 'std::vector<pagmo::van_der_corput,std::allocator<pagmo::van_der_corput>>'
  
C:\src\vcpkg\installed\x64-windows\include\pagmo\algorithms\bee_colony.hpp(173,40): warning C4251: 'pagmo::bee_colony::m_e': 'std::mersenne_twister_engine<unsigned int,32,624,397,31,2567483615,11,4294967295,7,2636928640,15,4022730752,18,1812433253>' needs to have dll-interface to be used by clients of 'pagmo::bee_colony'
  (compiling source file 'GeneratedWrappers.cxx')
      C:\Program Files\Microsoft Visual Studio\18\Community\VC\Tools\MSVC\14.44.35207\include\random(1428,7):
      see declaration of 'std::mersenne_twister_engine<unsigned int,32,624,397,31,2567483615,11,4294967295,7,2636928640,15,4022730752,18,1812433253>'
  
C:\src\vcpkg\installed\x64-windows\include\pagmo\algorithms\bee_colony.hpp(176,22): warning C4251: 'pagmo::bee_colony::m_log': 'std::vector<pagmo::sga::log_line_type,std::allocator<pagmo::sga::log_line_type>>' needs to have dll-interface to be used by clients of 'pagmo::bee_colony'
  (compiling source file 'GeneratedWrappers.cxx')
      C:\Program Files\Microsoft Visual Studio\18\Community\VC\Tools\MSVC\14.44.35207\include\vector(442,7):
      see declaration of 'std::vector<pagmo::sga::log_line_type,std::allocator<pagmo::sga::log_line_type>>'
  
  managed_bridge.cpp
C:\src\vcpkg\installed\x64-windows\include\pagmo\problem.hpp(1652,46): warning C4251: 'pagmo::problem::m_ptr': 'std::unique_ptr<pagmo::detail::prob_inner_base,std::default_delete<pagmo::detail::prob_inner_base>>' needs to have dll-interface to be used by clients of 'pagmo::problem'
  (compiling source file 'managed_bridge.cpp')
      C:\Program Files\Microsoft Visual Studio\18\Community\VC\Tools\MSVC\14.44.35207\include\memory(3347,7):
      see declaration of 'std::unique_ptr<pagmo::detail::prob_inner_base,std::default_delete<pagmo::detail::prob_inner_base>>'
  
C:\src\vcpkg\installed\x64-windows\include\pagmo\problem.hpp(1654,45): warning C4251: 'pagmo::problem::m_fevals': 'std::atomic<unsigned __int64>' needs to have dll-interface to be used by clients of 'pagmo::problem'
  (compiling source file 'managed_bridge.cpp')
      C:\Program Files\Microsoft Visual Studio\18\Community\VC\Tools\MSVC\14.44.35207\include\atomic(2131,8):
      see declaration of 'std::atomic<unsigned __int64>'
  
C:\src\vcpkg\installed\x64-windows\include\pagmo\problem.hpp(1656,45): warning C4251: 'pagmo::problem::m_gevals': 'std::atomic<unsigned __int64>' needs to have dll-interface to be used by clients of 'pagmo::problem'
  (compiling source file 'managed_bridge.cpp')
      C:\Program Files\Microsoft Visual Studio\18\Community\VC\Tools\MSVC\14.44.35207\include\atomic(2131,8):
      see declaration of 'std::atomic<unsigned __int64>'
  
C:\src\vcpkg\installed\x64-windows\include\pagmo\problem.hpp(1658,45): warning C4251: 'pagmo::problem::m_hevals': 'std::atomic<unsigned __int64>' needs to have dll-interface to be used by clients of 'pagmo::problem'
  (compiling source file 'managed_bridge.cpp')
      C:\Program Files\Microsoft Visual Studio\18\Community\VC\Tools\MSVC\14.44.35207\include\atomic(2131,8):
      see declaration of 'std::atomic<unsigned __int64>'
  
C:\src\vcpkg\installed\x64-windows\include\pagmo\problem.hpp(1663,19): warning C4251: 'pagmo::problem::m_lb': 'std::vector<double,std::allocator<double>>' needs to have dll-interface to be used by clients of 'pagmo::problem'
  (compiling source file 'managed_bridge.cpp')
      C:\Program Files\Microsoft Visual Studio\18\Community\VC\Tools\MSVC\14.44.35207\include\vector(442,7):
      see declaration of 'std::vector<double,std::allocator<double>>'
  
C:\src\vcpkg\installed\x64-windows\include\pagmo\problem.hpp(1664,19): warning C4251: 'pagmo::problem::m_ub': 'std::vector<double,std::allocator<double>>' needs to have dll-interface to be used by clients of 'pagmo::problem'
  (compiling source file 'managed_bridge.cpp')
      C:\Program Files\Microsoft Visual Studio\18\Community\VC\Tools\MSVC\14.44.35207\include\vector(442,7):
      see declaration of 'std::vector<double,std::allocator<double>>'
  
C:\src\vcpkg\installed\x64-windows\include\pagmo\problem.hpp(1669,19): warning C4251: 'pagmo::problem::m_c_tol': 'std::vector<double,std::allocator<double>>' needs to have dll-interface to be used by clients of 'pagmo::problem'
  (compiling source file 'managed_bridge.cpp')
      C:\Program Files\Microsoft Visual Studio\18\Community\VC\Tools\MSVC\14.44.35207\include\vector(442,7):
      see declaration of 'std::vector<double,std::allocator<double>>'
  
C:\src\vcpkg\installed\x64-windows\include\pagmo\problem.hpp(1676,17): warning C4251: 'pagmo::problem::m_name': 'std::basic_string<char,std::char_traits<char>,std::allocator<char>>' needs to have dll-interface to be used by clients of 'pagmo::problem'
  (compiling source file 'managed_bridge.cpp')
      C:\Program Files\Microsoft Visual Studio\18\Community\VC\Tools\MSVC\14.44.35207\include\xstring(541,7):
      see declaration of 'std::basic_string<char,std::char_traits<char>,std::allocator<char>>'
  
C:\src\vcpkg\installed\x64-windows\include\pagmo\problem.hpp(1681,43): warning C4251: 'pagmo::problem::m_hs_dim': 'std::vector<boost::ulong_long_type,std::allocator<boost::ulong_long_type>>' needs to have dll-interface to be used by clients of 'pagmo::problem'
  (compiling source file 'managed_bridge.cpp')
      C:\Program Files\Microsoft Visual Studio\18\Community\VC\Tools\MSVC\14.44.35207\include\vector(442,7):
      see declaration of 'std::vector<boost::ulong_long_type,std::allocator<boost::ulong_long_type>>'
  
C:\src\vcpkg\installed\x64-windows\include\pagmo\bfe.hpp(381,45): warning C4251: 'pagmo::bfe::m_ptr': 'std::unique_ptr<pagmo::detail::bfe_inner_base,std::default_delete<pagmo::detail::bfe_inner_base>>' needs to have dll-interface to be used by clients of 'pagmo::bfe'
  (compiling source file 'managed_bridge.cpp')
      C:\Program Files\Microsoft Visual Studio\18\Community\VC\Tools\MSVC\14.44.35207\include\memory(3347,7):
      see declaration of 'std::unique_ptr<pagmo::detail::bfe_inner_base,std::default_delete<pagmo::detail::bfe_inner_base>>'
  
C:\src\vcpkg\installed\x64-windows\include\pagmo\bfe.hpp(386,17): warning C4251: 'pagmo::bfe::m_name': 'std::basic_string<char,std::char_traits<char>,std::allocator<char>>' needs to have dll-interface to be used by clients of 'pagmo::bfe'
  (compiling source file 'managed_bridge.cpp')
      C:\Program Files\Microsoft Visual Studio\18\Community\VC\Tools\MSVC\14.44.35207\include\xstring(541,7):
      see declaration of 'std::basic_string<char,std::char_traits<char>,std::allocator<char>>'
  
C:\src\vcpkg\installed\x64-windows\include\pagmo\population.hpp(337,37): warning C4251: 'pagmo::population::m_ID': 'std::vector<boost::ulong_long_type,std::allocator<boost::ulong_long_type>>' needs to have dll-interface to be used by clients of 'pagmo::population'
  (compiling source file 'managed_bridge.cpp')
      C:\Program Files\Microsoft Visual Studio\18\Community\VC\Tools\MSVC\14.44.35207\include\vector(442,7):
      see declaration of 'std::vector<boost::ulong_long_type,std::allocator<boost::ulong_long_type>>'
  
C:\src\vcpkg\installed\x64-windows\include\pagmo\population.hpp(339,32): warning C4251: 'pagmo::population::m_x': 'std::vector<pagmo::vector_double,std::allocator<pagmo::vector_double>>' needs to have dll-interface to be used by clients of 'pagmo::population'
  (compiling source file 'managed_bridge.cpp')
      C:\Program Files\Microsoft Visual Studio\18\Community\VC\Tools\MSVC\14.44.35207\include\vector(442,7):
      see declaration of 'std::vector<pagmo::vector_double,std::allocator<pagmo::vector_double>>'
  
C:\src\vcpkg\installed\x64-windows\include\pagmo\population.hpp(341,32): warning C4251: 'pagmo::population::m_f': 'std::vector<pagmo::vector_double,std::allocator<pagmo::vector_double>>' needs to have dll-interface to be used by clients of 'pagmo::population'
  (compiling source file 'managed_bridge.cpp')
      C:\Program Files\Microsoft Visual Studio\18\Community\VC\Tools\MSVC\14.44.35207\include\vector(442,7):
      see declaration of 'std::vector<pagmo::vector_double,std::allocator<pagmo::vector_double>>'
  
C:\src\vcpkg\installed\x64-windows\include\pagmo\population.hpp(343,19): warning C4251: 'pagmo::population::m_champion_x': 'std::vector<double,std::allocator<double>>' needs to have dll-interface to be used by clients of 'pagmo::population'
  (compiling source file 'managed_bridge.cpp')
      C:\Program Files\Microsoft Visual Studio\18\Community\VC\Tools\MSVC\14.44.35207\include\vector(442,7):
      see declaration of 'std::vector<double,std::allocator<double>>'
  
C:\src\vcpkg\installed\x64-windows\include\pagmo\population.hpp(345,19): warning C4251: 'pagmo::population::m_champion_f': 'std::vector<double,std::allocator<double>>' needs to have dll-interface to be used by clients of 'pagmo::population'
  (compiling source file 'managed_bridge.cpp')
      C:\Program Files\Microsoft Visual Studio\18\Community\VC\Tools\MSVC\14.44.35207\include\vector(442,7):
      see declaration of 'std::vector<double,std::allocator<double>>'
  
C:\src\vcpkg\installed\x64-windows\include\pagmo\population.hpp(347,40): warning C4251: 'pagmo::population::m_e': 'std::mersenne_twister_engine<unsigned int,32,624,397,31,2567483615,11,4294967295,7,2636928640,15,4022730752,18,1812433253>' needs to have dll-interface to be used by clients of 'pagmo::population'
  (compiling source file 'managed_bridge.cpp')
      C:\Program Files\Microsoft Visual Studio\18\Community\VC\Tools\MSVC\14.44.35207\include\random(1428,7):
      see declaration of 'std::mersenne_twister_engine<unsigned int,32,624,397,31,2567483615,11,4294967295,7,2636928640,15,4022730752,18,1812433253>'
  
  Generating Code...
     Creating library C:\src\pagmoSharp\\pagmoWrapper\bin\pagmoWrapper.lib and object C:\src\pagmoSharp\\pagmoWrapper\bin\pagmoWrapper.exp
  pagmoWrapper.vcxproj -> C:\src\pagmoSharp\pagmoWrapper\bin\pagmoWrapper.dll
  'pwsh.exe' is not recognized as an internal or external command,
  operable program or batch file.
